<?xml version="1.0" encoding="UTF-8"?>
<testsuite xmlns:xsi="http://www.w3.org/2001/XMLSchema-instance" xsi:noNamespaceSchemaLocation="https://maven.apache.org/surefire/maven-surefire-plugin/xsd/surefire-test-report.xsd" name="WikipediaTests" time="0.154" tests="20" errors="20" skipped="0" failures="0">
  <properties>
    <property name="java.specification.version" value="17"/>
    <property name="webdriver.chrome.driver" value="path/to/chromedriver"/>
    <property name="sun.jnu.encoding" value="UTF-8"/>
    <property name="java.class.path" value="/workspaces/test/demo/target/test-classes:/workspaces/test/demo/target/classes:/home/codespace/.m2/repository/junit/junit/4.13.2/junit-4.13.2.jar:/home/codespace/.m2/repository/org/hamcrest/hamcrest-core/1.3/hamcrest-core-1.3.jar:/home/codespace/.m2/repository/org/seleniumhq/selenium/selenium-java/3.141.59/selenium-java-3.141.59.jar:/home/codespace/.m2/repository/org/seleniumhq/selenium/selenium-api/3.141.59/selenium-api-3.141.59.jar:/home/codespace/.m2/repository/org/seleniumhq/selenium/selenium-chrome-driver/3.141.59/selenium-chrome-driver-3.141.59.jar:/home/codespace/.m2/repository/org/seleniumhq/selenium/selenium-edge-driver/3.141.59/selenium-edge-driver-3.141.59.jar:/home/codespace/.m2/repository/org/seleniumhq/selenium/selenium-firefox-driver/3.141.59/selenium-firefox-driver-3.141.59.jar:/home/codespace/.m2/repository/org/seleniumhq/selenium/selenium-ie-driver/3.141.59/selenium-ie-driver-3.141.59.jar:/home/codespace/.m2/repository/org/seleniumhq/selenium/selenium-opera-driver/3.141.59/selenium-opera-driver-3.141.59.jar:/home/codespace/.m2/repository/org/seleniumhq/selenium/selenium-remote-driver/3.141.59/selenium-remote-driver-3.141.59.jar:/home/codespace/.m2/repository/org/seleniumhq/selenium/selenium-safari-driver/3.141.59/selenium-safari-driver-3.141.59.jar:/home/codespace/.m2/repository/org/seleniumhq/selenium/selenium-support/3.141.59/selenium-support-3.141.59.jar:/home/codespace/.m2/repository/net/bytebuddy/byte-buddy/1.8.15/byte-buddy-1.8.15.jar:/home/codespace/.m2/repository/org/apache/commons/commons-exec/1.3/commons-exec-1.3.jar:/home/codespace/.m2/repository/com/google/guava/guava/25.0-jre/guava-25.0-jre.jar:/home/codespace/.m2/repository/com/google/code/findbugs/jsr305/1.3.9/jsr305-1.3.9.jar:/home/codespace/.m2/repository/org/checkerframework/checker-compat-qual/2.0.0/checker-compat-qual-2.0.0.jar:/home/codespace/.m2/repository/com/google/errorprone/error_prone_annotations/2.1.3/error_prone_annotations-2.1.3.jar:/home/codespace/.m2/repository/com/google/j2objc/j2objc-annotations/1.1/j2objc-annotations-1.1.jar:/home/codespace/.m2/repository/org/codehaus/mojo/animal-sniffer-annotations/1.14/animal-sniffer-annotations-1.14.jar:/home/codespace/.m2/repository/com/squareup/okhttp3/okhttp/3.11.0/okhttp-3.11.0.jar:/home/codespace/.m2/repository/com/squareup/okio/okio/1.14.0/okio-1.14.0.jar:"/>
    <property name="java.vm.vendor" value="Microsoft"/>
    <property name="sun.arch.data.model" value="64"/>
    <property name="java.vendor.url" value="https://www.microsoft.com"/>
    <property name="os.name" value="Linux"/>
    <property name="java.vm.specification.version" value="17"/>
    <property name="sun.java.launcher" value="SUN_STANDARD"/>
    <property name="sun.boot.library.path" value="/usr/local/sdkman/candidates/java/17.0.9-ms/lib"/>
    <property name="sun.java.command" value="/workspaces/test/demo/target/surefire/surefirebooter9032055622383697506.jar /workspaces/test/demo/target/surefire 2023-12-08T21-29-29_025-jvmRun1 surefire12921382304310464580tmp surefire_016483914492343668398tmp"/>
    <property name="jdk.debug" value="release"/>
    <property name="surefire.test.class.path" value="/workspaces/test/demo/target/test-classes:/workspaces/test/demo/target/classes:/home/codespace/.m2/repository/junit/junit/4.13.2/junit-4.13.2.jar:/home/codespace/.m2/repository/org/hamcrest/hamcrest-core/1.3/hamcrest-core-1.3.jar:/home/codespace/.m2/repository/org/seleniumhq/selenium/selenium-java/3.141.59/selenium-java-3.141.59.jar:/home/codespace/.m2/repository/org/seleniumhq/selenium/selenium-api/3.141.59/selenium-api-3.141.59.jar:/home/codespace/.m2/repository/org/seleniumhq/selenium/selenium-chrome-driver/3.141.59/selenium-chrome-driver-3.141.59.jar:/home/codespace/.m2/repository/org/seleniumhq/selenium/selenium-edge-driver/3.141.59/selenium-edge-driver-3.141.59.jar:/home/codespace/.m2/repository/org/seleniumhq/selenium/selenium-firefox-driver/3.141.59/selenium-firefox-driver-3.141.59.jar:/home/codespace/.m2/repository/org/seleniumhq/selenium/selenium-ie-driver/3.141.59/selenium-ie-driver-3.141.59.jar:/home/codespace/.m2/repository/org/seleniumhq/selenium/selenium-opera-driver/3.141.59/selenium-opera-driver-3.141.59.jar:/home/codespace/.m2/repository/org/seleniumhq/selenium/selenium-remote-driver/3.141.59/selenium-remote-driver-3.141.59.jar:/home/codespace/.m2/repository/org/seleniumhq/selenium/selenium-safari-driver/3.141.59/selenium-safari-driver-3.141.59.jar:/home/codespace/.m2/repository/org/seleniumhq/selenium/selenium-support/3.141.59/selenium-support-3.141.59.jar:/home/codespace/.m2/repository/net/bytebuddy/byte-buddy/1.8.15/byte-buddy-1.8.15.jar:/home/codespace/.m2/repository/org/apache/commons/commons-exec/1.3/commons-exec-1.3.jar:/home/codespace/.m2/repository/com/google/guava/guava/25.0-jre/guava-25.0-jre.jar:/home/codespace/.m2/repository/com/google/code/findbugs/jsr305/1.3.9/jsr305-1.3.9.jar:/home/codespace/.m2/repository/org/checkerframework/checker-compat-qual/2.0.0/checker-compat-qual-2.0.0.jar:/home/codespace/.m2/repository/com/google/errorprone/error_prone_annotations/2.1.3/error_prone_annotations-2.1.3.jar:/home/codespace/.m2/repository/com/google/j2objc/j2objc-annotations/1.1/j2objc-annotations-1.1.jar:/home/codespace/.m2/repository/org/codehaus/mojo/animal-sniffer-annotations/1.14/animal-sniffer-annotations-1.14.jar:/home/codespace/.m2/repository/com/squareup/okhttp3/okhttp/3.11.0/okhttp-3.11.0.jar:/home/codespace/.m2/repository/com/squareup/okio/okio/1.14.0/okio-1.14.0.jar:"/>
    <property name="sun.cpu.endian" value="little"/>
    <property name="user.home" value="/home/codespace"/>
    <property name="user.language" value="en"/>
    <property name="java.specification.vendor" value="Oracle Corporation"/>
    <property name="java.version.date" value="2023-10-17"/>
    <property name="java.home" value="/usr/local/sdkman/candidates/java/17.0.9-ms"/>
    <property name="file.separator" value="/"/>
    <property name="basedir" value="/workspaces/test/demo"/>
    <property name="java.vm.compressedOopsMode" value="32-bit"/>
    <property name="line.separator" value="&#10;"/>
    <property name="java.vm.specification.vendor" value="Oracle Corporation"/>
    <property name="java.specification.name" value="Java Platform API Specification"/>
    <property name="surefire.real.class.path" value="/workspaces/test/demo/target/surefire/surefirebooter9032055622383697506.jar"/>
    <property name="sun.management.compiler" value="HotSpot 64-Bit Tiered Compilers"/>
    <property name="java.runtime.version" value="17.0.9+8-LTS"/>
    <property name="user.name" value="codespace"/>
    <property name="path.separator" value=":"/>
    <property name="os.version" value="6.2.0-1016-azure"/>
    <property name="java.runtime.name" value="OpenJDK Runtime Environment"/>
    <property name="file.encoding" value="UTF-8"/>
    <property name="java.vm.name" value="OpenJDK 64-Bit Server VM"/>
    <property name="java.vendor.version" value="Microsoft-8552009"/>
    <property name="localRepository" value="/home/codespace/.m2/repository"/>
    <property name="java.vendor.url.bug" value="https://github.com/microsoft/openjdk/issues"/>
    <property name="java.io.tmpdir" value="/tmp"/>
    <property name="java.version" value="17.0.9"/>
    <property name="user.dir" value="/workspaces/test/demo"/>
    <property name="os.arch" value="amd64"/>
    <property name="java.vm.specification.name" value="Java Virtual Machine Specification"/>
    <property name="native.encoding" value="UTF-8"/>
    <property name="java.library.path" value="/usr/java/packages/lib:/usr/lib64:/lib64:/lib:/usr/lib"/>
    <property name="java.vm.info" value="mixed mode, sharing"/>
    <property name="java.vendor" value="Microsoft"/>
    <property name="java.vm.version" value="17.0.9+8-LTS"/>
    <property name="sun.io.unicode.encoding" value="UnicodeLittle"/>
    <property name="java.class.version" value="61.0"/>
  </properties>
  <testcase name="testEditPage" classname="WikipediaTests" time="0.073">
    <error message="The driver executable does not exist: /workspaces/test/demo/caminho/do/chromedriver" type="java.lang.IllegalStateException">java.lang.IllegalStateException: The driver executable does not exist: /workspaces/test/demo/caminho/do/chromedriver
	at WikipediaTests.setUp(WikipediaTests.java:19)
</error>
  </testcase>
  <testcase name="testEditPage" classname="WikipediaTests" time="0.074">
    <error message="Cannot invoke &quot;org.openqa.selenium.WebDriver.quit()&quot; because &quot;this.driver&quot; is null" type="java.lang.NullPointerException">java.lang.NullPointerException: Cannot invoke "org.openqa.selenium.WebDriver.quit()" because "this.driver" is null
	at WikipediaTests.tearDown(WikipediaTests.java:25)
</error>
  </testcase>
  <testcase name="testPageNavigation" classname="WikipediaTests" time="0">
    <error message="The driver executable does not exist: /workspaces/test/demo/caminho/do/chromedriver" type="java.lang.IllegalStateException">java.lang.IllegalStateException: The driver executable does not exist: /workspaces/test/demo/caminho/do/chromedriver
	at WikipediaTests.setUp(WikipediaTests.java:19)
</error>
  </testcase>
  <testcase name="testPageNavigation" classname="WikipediaTests" time="0.002">
    <error message="Cannot invoke &quot;org.openqa.selenium.WebDriver.quit()&quot; because &quot;this.driver&quot; is null" type="java.lang.NullPointerException">java.lang.NullPointerException: Cannot invoke "org.openqa.selenium.WebDriver.quit()" because "this.driver" is null
	at WikipediaTests.tearDown(WikipediaTests.java:25)
</error>
  </testcase>
  <testcase name="testBasicSearch" classname="WikipediaTests" time="0.002">
    <error message="The driver executable does not exist: /workspaces/test/demo/caminho/do/chromedriver" type="java.lang.IllegalStateException">java.lang.IllegalStateException: The driver executable does not exist: /workspaces/test/demo/caminho/do/chromedriver
	at WikipediaTests.setUp(WikipediaTests.java:19)
</error>
  </testcase>
  <testcase name="testBasicSearch" classname="WikipediaTests" time="0.003">
    <error message="Cannot invoke &quot;org.openqa.selenium.WebDriver.quit()&quot; because &quot;this.driver&quot; is null" type="java.lang.NullPointerException">java.lang.NullPointerException: Cannot invoke "org.openqa.selenium.WebDriver.quit()" because "this.driver" is null
	at WikipediaTests.tearDown(WikipediaTests.java:25)
</error>
  </testcase>
  <testcase name="testDiscussionPageAccess" classname="WikipediaTests" time="0.001">
    <error message="The driver executable does not exist: /workspaces/test/demo/caminho/do/chromedriver" type="java.lang.IllegalStateException">java.lang.IllegalStateException: The driver executable does not exist: /workspaces/test/demo/caminho/do/chromedriver
	at WikipediaTests.setUp(WikipediaTests.java:19)
</error>
  </testcase>
  <testcase name="testDiscussionPageAccess" classname="WikipediaTests" time="0.002">
    <error message="Cannot invoke &quot;org.openqa.selenium.WebDriver.quit()&quot; because &quot;this.driver&quot; is null" type="java.lang.NullPointerException">java.lang.NullPointerException: Cannot invoke "org.openqa.selenium.WebDriver.quit()" because "this.driver" is null
	at WikipediaTests.tearDown(WikipediaTests.java:25)
</error>
  </testcase>
  <testcase name="testImageDisplay" classname="WikipediaTests" time="0.002">
    <error message="The driver executable does not exist: /workspaces/test/demo/caminho/do/chromedriver" type="java.lang.IllegalStateException">java.lang.IllegalStateException: The driver executable does not exist: /workspaces/test/demo/caminho/do/chromedriver
	at WikipediaTests.setUp(WikipediaTests.java:19)
</error>
  </testcase>
  <testcase name="testImageDisplay" classname="WikipediaTests" time="0.003">
    <error message="Cannot invoke &quot;org.openqa.selenium.WebDriver.quit()&quot; because &quot;this.driver&quot; is null" type="java.lang.NullPointerException">java.lang.NullPointerException: Cannot invoke "org.openqa.selenium.WebDriver.quit()" because "this.driver" is null
	at WikipediaTests.tearDown(WikipediaTests.java:25)
</error>
  </testcase>
  <testcase name="testRevisionHistory" classname="WikipediaTests" time="0.001">
    <error message="The driver executable does not exist: /workspaces/test/demo/caminho/do/chromedriver" type="java.lang.IllegalStateException">java.lang.IllegalStateException: The driver executable does not exist: /workspaces/test/demo/caminho/do/chromedriver
	at WikipediaTests.setUp(WikipediaTests.java:19)
</error>
  </testcase>
  <testcase name="testRevisionHistory" classname="WikipediaTests" time="0.002">
    <error message="Cannot invoke &quot;org.openqa.selenium.WebDriver.quit()&quot; because &quot;this.driver&quot; is null" type="java.lang.NullPointerException">java.lang.NullPointerException: Cannot invoke "org.openqa.selenium.WebDriver.quit()" because "this.driver" is null
	at WikipediaTests.tearDown(WikipediaTests.java:25)
</error>
  </testcase>
  <testcase name="testCategoryNavigation" classname="WikipediaTests" time="0.002">
    <error message="The driver executable does not exist: /workspaces/test/demo/caminho/do/chromedriver" type="java.lang.IllegalStateException">java.lang.IllegalStateException: The driver executable does not exist: /workspaces/test/demo/caminho/do/chromedriver
	at WikipediaTests.setUp(WikipediaTests.java:19)
</error>
  </testcase>
  <testcase name="testCategoryNavigation" classname="WikipediaTests" time="0.003">
    <error message="Cannot invoke &quot;org.openqa.selenium.WebDriver.quit()&quot; because &quot;this.driver&quot; is null" type="java.lang.NullPointerException">java.lang.NullPointerException: Cannot invoke "org.openqa.selenium.WebDriver.quit()" because "this.driver" is null
	at WikipediaTests.tearDown(WikipediaTests.java:25)
</error>
  </testcase>
  <testcase name="testExternalLinksValidity" classname="WikipediaTests" time="0.001">
    <error message="The driver executable does not exist: /workspaces/test/demo/caminho/do/chromedriver" type="java.lang.IllegalStateException">java.lang.IllegalStateException: The driver executable does not exist: /workspaces/test/demo/caminho/do/chromedriver
	at WikipediaTests.setUp(WikipediaTests.java:19)
</error>
  </testcase>
  <testcase name="testExternalLinksValidity" classname="WikipediaTests" time="0.001">
    <error message="Cannot invoke &quot;org.openqa.selenium.WebDriver.quit()&quot; because &quot;this.driver&quot; is null" type="java.lang.NullPointerException">java.lang.NullPointerException: Cannot invoke "org.openqa.selenium.WebDriver.quit()" because "this.driver" is null
	at WikipediaTests.tearDown(WikipediaTests.java:25)
</error>
  </testcase>
  <testcase name="testAdvancedSearchFunctionality" classname="WikipediaTests" time="0.001">
    <error message="The driver executable does not exist: /workspaces/test/demo/caminho/do/chromedriver" type="java.lang.IllegalStateException">java.lang.IllegalStateException: The driver executable does not exist: /workspaces/test/demo/caminho/do/chromedriver
	at WikipediaTests.setUp(WikipediaTests.java:19)
</error>
  </testcase>
  <testcase name="testAdvancedSearchFunctionality" classname="WikipediaTests" time="0.002">
    <error message="Cannot invoke &quot;org.openqa.selenium.WebDriver.quit()&quot; because &quot;this.driver&quot; is null" type="java.lang.NullPointerException">java.lang.NullPointerException: Cannot invoke "org.openqa.selenium.WebDriver.quit()" because "this.driver" is null
	at WikipediaTests.tearDown(WikipediaTests.java:25)
</error>
  </testcase>
  <testcase name="testSidebarFunctionality" classname="WikipediaTests" time="0.001">
    <error message="The driver executable does not exist: /workspaces/test/demo/caminho/do/chromedriver" type="java.lang.IllegalStateException">java.lang.IllegalStateException: The driver executable does not exist: /workspaces/test/demo/caminho/do/chromedriver
	at WikipediaTests.setUp(WikipediaTests.java:19)
</error>
  </testcase>
  <testcase name="testSidebarFunctionality" classname="WikipediaTests" time="0.006">
    <error message="Cannot invoke &quot;org.openqa.selenium.WebDriver.quit()&quot; because &quot;this.driver&quot; is null" type="java.lang.NullPointerException">java.lang.NullPointerException: Cannot invoke "org.openqa.selenium.WebDriver.quit()" because "this.driver" is null
	at WikipediaTests.tearDown(WikipediaTests.java:25)
</error>
  </testcase>
</testsuite>